[2022-10-26 11:50:37,627] ERROR [xapi_validator.py xipraylib.xapi_validator check_ip (22)]: Address/netmask is invalid: 12
[2022-10-26 11:50:37,628] INFO [xapi_validator.py xipraylib.xapi_validator check_ip_or_path (32)]: Checking input ip or path. Is ip: False. Is path: False
[2022-10-26 11:53:11,026] ERROR [xapi_validator.py xipraylib.xapi_validator check_ip (22)]: Address/netmask is invalid: 12
[2022-10-26 11:53:20,538] INFO [shodan_api.py xipraylib.xapi.shodan_api __init__ (17)]: Init shodan search
[2022-10-26 11:53:20,538] INFO [shodan_api.py xipraylib.xapi.shodan_api host_search (23)]: Start host shodan search
[2022-10-26 11:53:20,886] ERROR [shodan_api.py xipraylib.xapi.shodan_api host_search (46)]: Invalid API key
[2022-10-26 11:53:26,073] ERROR [xapi_validator.py xipraylib.xapi_validator check_ip (22)]: Address/netmask is invalid: 192.168.
[2022-10-26 11:53:45,041] ERROR [xapi_validator.py xipraylib.xapi_validator check_ip (22)]: Address/netmask is invalid: /home/sw1mmer/Projects/xipray/addr.txt
[2022-10-26 11:53:45,042] INFO [shodan_api.py xipraylib.xapi.shodan_api __init__ (17)]: Init shodan search
[2022-10-26 11:53:45,042] ERROR [xapi_validator.py xipraylib.xapi_validator check_ip (22)]: Address/netmask is invalid: /home/sw1mmer/Projects/xipray/addr.txt
[2022-10-26 11:53:45,042] INFO [shodan_api.py xipraylib.xapi.shodan_api host_search (23)]: Start host shodan search
[2022-10-26 11:53:45,756] ERROR [shodan_api.py xipraylib.xapi.shodan_api host_search (46)]: Invalid API key
[2022-10-26 11:53:45,756] INFO [shodan_api.py xipraylib.xapi.shodan_api host_search (23)]: Start host shodan search
[2022-10-26 11:53:47,045] ERROR [shodan_api.py xipraylib.xapi.shodan_api host_search (46)]: Invalid API key
[2022-10-26 11:53:47,045] INFO [shodan_api.py xipraylib.xapi.shodan_api host_search (23)]: Start host shodan search
[2022-10-26 11:53:48,272] ERROR [shodan_api.py xipraylib.xapi.shodan_api host_search (46)]: Invalid API key
[2022-10-26 11:53:48,272] INFO [shodan_api.py xipraylib.xapi.shodan_api host_search (23)]: Start host shodan search
[2022-10-26 11:53:50,249] ERROR [shodan_api.py xipraylib.xapi.shodan_api host_search (46)]: Invalid API key
[2022-10-26 11:53:50,250] INFO [shodan_api.py xipraylib.xapi.shodan_api host_search (23)]: Start host shodan search
[2022-10-26 11:53:50,942] INFO [xipray __main__ main (99)]: CTRL+C detected
[2022-10-26 11:58:33,853] ERROR [xapi_validator.py xipraylib.xapi_validator check_ip (22)]: Address/netmask is invalid: /home/sw1mmer/Projects/xipray/addr.txt
[2022-10-26 11:58:33,853] INFO [shodan_api.py xipraylib.xapi.shodan_api __init__ (17)]: Init shodan search
[2022-10-26 11:58:33,853] ERROR [xapi_validator.py xipraylib.xapi_validator check_ip (22)]: Address/netmask is invalid: /home/sw1mmer/Projects/xipray/addr.txt
[2022-10-26 11:58:33,854] INFO [shodan_api.py xipraylib.xapi.shodan_api host_search (23)]: Start host shodan search
[2022-10-26 11:58:34,261] ERROR [shodan_api.py xipraylib.xapi.shodan_api host_search (46)]: No information available for that IP.
[2022-10-26 11:58:34,262] INFO [shodan_api.py xipraylib.xapi.shodan_api host_search (23)]: Start host shodan search
[2022-10-26 11:58:35,505] ERROR [shodan_api.py xipraylib.xapi.shodan_api host_search (46)]: No information available for that IP.
[2022-10-26 11:58:35,505] INFO [shodan_api.py xipraylib.xapi.shodan_api host_search (23)]: Start host shodan search
[2022-10-26 11:58:37,350] INFO [shodan_api.py xipraylib.xapi.shodan_api host_search (23)]: Start host shodan search
[2022-10-26 11:58:40,230] INFO [shodan_api.py xipraylib.xapi.shodan_api host_search (23)]: Start host shodan search
[2022-10-26 11:58:43,492] ERROR [shodan_api.py xipraylib.xapi.shodan_api host_search (46)]: Invalid IP
[2022-10-26 11:58:43,492] ERROR [xapi_validator.py xipraylib.xapi_validator check_ip (22)]: Address/netmask is invalid: test
[2022-10-26 11:58:43,492] ERROR [xapi_validator.py xipraylib.xapi_validator check_ip (22)]: Address/netmask is invalid: c://
[2022-10-26 11:58:43,493] INFO [shodan_api.py xipraylib.xapi.shodan_api host_search (23)]: Start host shodan search
[2022-10-26 11:58:44,723] ERROR [shodan_api.py xipraylib.xapi.shodan_api host_search (46)]: No information available for that IP.
[2022-10-26 11:58:44,724] INFO [shodan_api.py xipraylib.xapi.shodan_api host_search (23)]: Start host shodan search
[2022-10-26 11:58:45,969] ERROR [shodan_api.py xipraylib.xapi.shodan_api host_search (46)]: No information available for that IP.
[2022-10-26 11:58:45,970] INFO [shodan_api.py xipraylib.xapi.shodan_api host_search (23)]: Start host shodan search
[2022-10-26 11:58:47,314] ERROR [shodan_api.py xipraylib.xapi.shodan_api host_search (46)]: No information available for that IP.
[2022-10-26 11:58:47,314] ERROR [xapi_validator.py xipraylib.xapi_validator check_ip (22)]: Address/netmask is invalid: #185.126.239.251
[2022-10-26 11:58:47,315] ERROR [xapi_validator.py xipraylib.xapi_validator check_ip (22)]: Address/netmask is invalid: 
[2022-10-26 11:58:47,315] ERROR [xapi_validator.py xipraylib.xapi_validator check_ip (22)]: Address/netmask is invalid: test2
[2022-10-26 11:58:47,315] INFO [shodan_api.py xipraylib.xapi.shodan_api host_search (23)]: Start host shodan search
[2022-10-28 10:49:07,720] INFO [shodan_api.py xipraylib.xapi.shodan_api __init__ (17)]: Init shodan search
[2022-10-28 10:49:07,737] INFO [shodan_api.py xipraylib.xapi.shodan_api host_search (23)]: Start host shodan search
[2022-10-28 10:49:24,000] ERROR [xapi_validator.py xipraylib.xapi_validator check_ip (22)]: Address/netmask is invalid: 8r
[2022-10-31 11:12:40,627] INFO [shodan_api.py xipraylib.xapi.shodan_api __init__ (17)]: Init shodan search
[2022-10-31 11:12:40,629] INFO [shodan_api.py xipraylib.xapi.shodan_api host_search (23)]: Start host shodan search
[2022-10-31 11:14:34,293] ERROR [xapi_validator.py xipraylib.xapi_validator check_ip (22)]: Address/netmask is invalid: addr.txt
[2022-10-31 11:14:34,301] INFO [shodan_api.py xipraylib.xapi.shodan_api __init__ (17)]: Init shodan search
[2022-10-31 11:14:34,302] ERROR [xapi_validator.py xipraylib.xapi_validator check_ip (22)]: Address/netmask is invalid: addr.txt
[2022-10-31 11:14:34,303] INFO [shodan_api.py xipraylib.xapi.shodan_api host_search (23)]: Start host shodan search
[2022-10-31 11:14:35,104] ERROR [shodan_api.py xipraylib.xapi.shodan_api host_search (46)]: No information available for that IP.
[2022-10-31 11:14:35,105] INFO [shodan_api.py xipraylib.xapi.shodan_api host_search (23)]: Start host shodan search
[2022-10-31 11:14:36,456] ERROR [shodan_api.py xipraylib.xapi.shodan_api host_search (46)]: No information available for that IP.
[2022-10-31 11:14:36,457] INFO [shodan_api.py xipraylib.xapi.shodan_api host_search (23)]: Start host shodan search
[2022-10-31 11:14:38,735] INFO [shodan_api.py xipraylib.xapi.shodan_api host_search (23)]: Start host shodan search
[2022-10-31 11:14:42,013] INFO [shodan_api.py xipraylib.xapi.shodan_api host_search (23)]: Start host shodan search
[2022-10-31 11:14:43,978] ERROR [shodan_api.py xipraylib.xapi.shodan_api host_search (46)]: Invalid IP
[2022-10-31 11:14:43,980] ERROR [xapi_validator.py xipraylib.xapi_validator check_ip (22)]: Address/netmask is invalid: test
[2022-10-31 11:14:43,981] ERROR [xapi_validator.py xipraylib.xapi_validator check_ip (22)]: Address/netmask is invalid: c://
[2022-10-31 11:14:43,982] INFO [shodan_api.py xipraylib.xapi.shodan_api host_search (23)]: Start host shodan search
[2022-10-31 11:14:45,650] ERROR [shodan_api.py xipraylib.xapi.shodan_api host_search (46)]: No information available for that IP.
[2022-10-31 11:14:45,651] INFO [shodan_api.py xipraylib.xapi.shodan_api host_search (23)]: Start host shodan search
[2022-10-31 11:14:46,965] ERROR [shodan_api.py xipraylib.xapi.shodan_api host_search (46)]: No information available for that IP.
[2022-10-31 11:14:46,967] INFO [shodan_api.py xipraylib.xapi.shodan_api host_search (23)]: Start host shodan search
[2022-10-31 11:14:48,307] ERROR [shodan_api.py xipraylib.xapi.shodan_api host_search (46)]: No information available for that IP.
[2022-10-31 11:14:48,309] ERROR [xapi_validator.py xipraylib.xapi_validator check_ip (22)]: Address/netmask is invalid: #185.126.239.251
[2022-10-31 11:14:48,315] ERROR [xapi_validator.py xipraylib.xapi_validator check_ip (22)]: Address/netmask is invalid: 
[2022-10-31 11:14:48,316] ERROR [xapi_validator.py xipraylib.xapi_validator check_ip (22)]: Address/netmask is invalid: test2
[2022-10-31 11:14:48,317] INFO [shodan_api.py xipraylib.xapi.shodan_api host_search (23)]: Start host shodan search
[2022-10-31 11:51:08,700] INFO [shodan_api.py xipraylib.xapi.shodan_api __init__ (17)]: Init shodan search
[2022-10-31 11:51:08,701] INFO [shodan_api.py xipraylib.xapi.shodan_api host_search (23)]: Start host shodan search
[2022-10-31 12:00:11,828] INFO [shodan_api.py xipraylib.xapi.shodan_api __init__ (17)]: Init shodan search
[2022-10-31 12:00:11,828] INFO [shodan_api.py xipraylib.xapi.shodan_api host_search (23)]: Start host shodan search
[2022-10-31 12:02:00,373] INFO [shodan_api.py xipraylib.xapi.shodan_api __init__ (17)]: Init shodan search
[2022-10-31 12:02:00,375] INFO [shodan_api.py xipraylib.xapi.shodan_api host_search (23)]: Start host shodan search
[2022-10-31 12:05:05,385] INFO [shodan_api.py xipraylib.xapi.shodan_api __init__ (17)]: Init shodan search
[2022-10-31 12:05:05,385] INFO [shodan_api.py xipraylib.xapi.shodan_api host_search (23)]: Start host shodan search
[2022-10-31 12:06:00,392] INFO [shodan_api.py xipraylib.xapi.shodan_api __init__ (17)]: Init shodan search
[2022-10-31 12:06:00,392] INFO [shodan_api.py xipraylib.xapi.shodan_api host_search (23)]: Start host shodan search
[2022-10-31 12:07:11,003] INFO [shodan_api.py xipraylib.xapi.shodan_api __init__ (17)]: Init shodan search
[2022-10-31 12:07:11,004] INFO [shodan_api.py xipraylib.xapi.shodan_api host_search (23)]: Start host shodan search
[2022-10-31 12:19:05,021] INFO [shodan_api.py xipraylib.xapi.shodan_api __init__ (17)]: Init shodan search
[2022-10-31 12:19:05,022] INFO [shodan_api.py xipraylib.xapi.shodan_api host_search (23)]: Start host shodan search
[2022-10-31 12:20:09,444] INFO [shodan_api.py xipraylib.xapi.shodan_api __init__ (17)]: Init shodan search
[2022-10-31 12:20:09,445] INFO [shodan_api.py xipraylib.xapi.shodan_api host_search (23)]: Start host shodan search
[2022-11-02 13:48:25,742] INFO [install.py __main__ <module> (11)]: Starting script installation
[2022-11-02 13:48:42,528] INFO [install.py __main__ <module> (11)]: Starting script installation
[2022-11-02 13:49:24,538] INFO [install.py __main__ <module> (11)]: Starting script installation
[2022-11-02 13:49:45,157] INFO [install.py __main__ <module> (11)]: Starting script installation
[2022-11-02 13:49:52,500] INFO [install.py __main__ <module> (11)]: Starting script installation
[2022-11-02 13:50:30,016] INFO [install.py __main__ <module> (11)]: Starting script installation
[2022-11-02 13:50:39,170] INFO [install.py __main__ <module> (11)]: Starting script installation
[2022-11-02 13:51:18,979] INFO [install.py __main__ <module> (11)]: Starting script installation


[2022-11-02 13:52:25,284] INFO [install.py __main__ <module> (11)]: Starting script installation
[2022-11-02 13:53:25,120] INFO [install.py __main__ <module> (11)]: Starting script installation
[2022-11-02 13:53:53,349] INFO [install.py __main__ <module> (11)]: Starting script installation
[2022-11-02 14:12:06,979] INFO [install.py __main__ <module> (13)]: Starting script installation
[2022-11-02 14:13:57,245] INFO [install.py __main__ <module> (13)]: Starting script installation
[2022-11-02 14:16:51,813] INFO [install.py __main__ <module> (13)]: Starting script installation
[2022-11-02 14:17:15,204] INFO [install.py __main__ <module> (13)]: Starting script installation
[2022-11-02 14:18:34,074] INFO [install.py __main__ <module> (13)]: Starting script installation
[2022-11-02 14:18:36,699] INFO [install.py __main__ <module> (13)]: Starting script installation
[2022-11-02 14:23:50,663] INFO [install.py __main__ <module> (13)]: Starting script installation
[2022-11-02 14:24:05,841] INFO [install.py __main__ <module> (13)]: Starting script installation
[2022-11-02 14:24:53,153] INFO [install.py __main__ <module> (13)]: Starting script installation
[2022-11-02 14:28:57,500] INFO [install.py __main__ <module> (13)]: Starting script installation
[2022-11-02 14:31:36,468] INFO [install.py __main__ <module> (13)]: Starting script installation
[2022-11-02 14:32:15,992] INFO [install.py __main__ <module> (13)]: Starting script installation
[2022-11-02 14:32:36,203] INFO [install.py __main__ <module> (13)]: Starting script installation
[2022-11-02 14:34:11,328] INFO [install.py __main__ <module> (13)]: Starting script installation
